Build started 11/7/2014 8:27:37 PM.
     1>Project "D:\Odesk\SKT\SKT\SKT\SKT.vcxproj" on node 2 (build target(s)).
     1>InitializeBuildStatus:
         Touching "Debug\SKT.unsuccessfulbuild".
       ClCompile:
         All outputs are up-to-date.
         C:\Program Files (x86)\Microsoft Visual Studio 10.0\VC\bin\CL.exe /c /I"C:\Users\lojkoro\Documents\Visual Studio 2010\Projects\SKT\SKT" /IC:\Qt\4.7.3\include /I"C:\Users\lojkoro\Documents\Visual Studio 2010\Projects\SKT\SKT\include\TUIO" /I"C:\Users\lojkoro\Documents\Visual Studio 2010\Projects\SKT\SKT\include\tinyXML" /I"C:\Users\lojkoro\Documents\Visual Studio 2010\Projects\SKT\SKT\include\oscpack" /I"C:\Users\lojkoro\Documents\Visual Studio 2010\Projects\SKT\SKT\include" /ZI /nologo /W3 /WX- /Od /Oy- /D WIN32 /D _DEBUG /D _CONSOLE /D _UNICODE /D UNICODE /Gm /EHsc /RTC1 /MDd /GS /fp:precise /Zc:wchar_t /Zc:forScope /Fo"Debug\\" /Fd"Debug\vc100.pdb" /Gd /TP /analyze- /errorReport:prompt SKT.cpp backmethod.cpp blobmapper.cpp calibrator.cpp include\TUIO\TuioClient.cpp include\TUIO\TuioServer.cpp include\oscpack\ip\win32\NetworkingUtils.cpp include\oscpack\ip\win32\UdpSocket.cpp mouseactions.cpp ransacfit.cpp virtualplane.cpp
         virtualplane.cpp
     1>d:\odesk\skt\skt\skt\virtualplane.h(24): fatal error C1083: Cannot open include file: 'cv.h': No such file or directory
         ransacfit.cpp
     1>d:\odesk\skt\skt\skt\ransacfit.h(27): fatal error C1083: Cannot open include file: 'cv.h': No such file or directory
         mouseactions.cpp
     1>d:\odesk\skt\skt\skt\mouseactions.h(25): fatal error C1083: Cannot open include file: 'cv.h': No such file or directory
         UdpSocket.cpp
     1>d:\odesk\skt\skt\skt\include\oscpack\ip\win32\udpsocket.cpp(30): fatal error C1083: Cannot open include file: 'ip/UdpSocket.h': No such file or directory
         NetworkingUtils.cpp
     1>d:\odesk\skt\skt\skt\include\oscpack\ip\win32\networkingutils.cpp(30): fatal error C1083: Cannot open include file: 'ip/NetworkingUtils.h': No such file or directory
         TuioServer.cpp
     1>d:\odesk\skt\skt\skt\include\tuio\tuioserver.h(36): fatal error C1083: Cannot open include file: 'osc/OscOutboundPacketStream.h': No such file or directory
         TuioClient.cpp
     1>d:\odesk\skt\skt\skt\include\tuio\tuioclient.h(37): fatal error C1083: Cannot open include file: 'osc/OscReceivedElements.h': No such file or directory
         calibrator.cpp
     1>d:\odesk\skt\skt\skt\calibrator.h(25): fatal error C1083: Cannot open include file: 'cv.h': No such file or directory
         blobmapper.cpp
     1>d:\odesk\skt\skt\skt\blobmapper.h(25): fatal error C1083: Cannot open include file: 'cv.h': No such file or directory
         backmethod.cpp
     1>d:\odesk\skt\skt\skt\backmethod.h(25): fatal error C1083: Cannot open include file: 'cv.h': No such file or directory
         SKT.cpp
     1>d:\odesk\skt\skt\skt\skt.cpp(22): fatal error C1083: Cannot open include file: 'cv.h': No such file or directory
         Generating Code...
     1>Done Building Project "D:\Odesk\SKT\SKT\SKT\SKT.vcxproj" (build target(s)) -- FAILED.

Build FAILED.

Time Elapsed 00:00:02.58
