Build started 11/7/2014 8:29:25 PM.
     1>Project "D:\Odesk\SKT\SKT\SKT\SKT.vcxproj" on node 2 (rebuild target(s)).
     1>_PrepareForClean:
         Deleting file "Release\SKT.lastbuildstate".
       InitializeBuildStatus:
         Creating "Release\SKT.unsuccessfulbuild" because "AlwaysCreate" was specified.
       ClCompile:
         C:\Program Files (x86)\Microsoft Visual Studio 10.0\VC\bin\CL.exe /c /ID:\Odesk\SKT\SKT\\SKT /ID:\Odesk\SKT\SKT\\SKT\include\TUIO /ID:\Odesk\SKT\SKT\\SKT\include\tinyXML /ID:\Odesk\SKT\SKT\\SKT\include\oscpack /ID:\Odesk\SKT\SKT\\SKT\include /IC:\Qt\4.7.3\include /Zi /nologo /W3 /WX- /Od /Oy- /GL /D _WIN32_WINNT=0x0501 /D WIN32 /D NDEBUG /D _CONSOLE /D _MBCS /D _AFXDLL /Gm- /EHsc /MD /GS /Gy- /fp:precise /Zc:wchar_t /Zc:forScope /Yc"StdAfx.h" /Fp"Release\SKT.pch" /Fo"Release\\" /Fd"Release\vc100.pdb" /Gd /TP /analyze- /errorReport:prompt stdafx.cpp
         stdafx.cpp
         C:\Program Files (x86)\Microsoft Visual Studio 10.0\VC\bin\CL.exe /c /ID:\Odesk\SKT\SKT\\SKT /ID:\Odesk\SKT\SKT\\SKT\include\TUIO /ID:\Odesk\SKT\SKT\\SKT\include\tinyXML /ID:\Odesk\SKT\SKT\\SKT\include\oscpack /ID:\Odesk\SKT\SKT\\SKT\include /IC:\Qt\4.7.3\include /Zi /nologo /W3 /WX- /Od /Oy- /GL /D _WIN32_WINNT=0x0501 /D WIN32 /D NDEBUG /D _CONSOLE /D _MBCS /D _AFXDLL /Gm- /EHsc /MD /GS /Gy- /fp:precise /Zc:wchar_t /Zc:forScope /Fo"Release\\" /Fd"Release\vc100.pdb" /Gd /TP /analyze- /errorReport:prompt backmethod.cpp blobmapper.cpp calibrator.cpp include\oscpack\ip\IpEndpointName.cpp include\oscpack\ip\win32\NetworkingUtils.cpp include\oscpack\ip\win32\UdpSocket.cpp include\oscpack\osc\OscOutboundPacketStream.cpp include\oscpack\osc\OscPrintReceivedElements.cpp include\oscpack\osc\OscReceivedElements.cpp include\oscpack\osc\OscTypes.cpp include\tinyXML\tinystr.cpp include\tinyXML\tinyxml.cpp include\tinyXML\tinyxmlerror.cpp include\tinyXML\tinyxmlparser.cpp include\TUIO\TuioClient.cpp include\TUIO\TuioServer.cpp include\TUIO\TuioTime.cpp mouseactions.cpp ransacfit.cpp SKT.cpp virtualplane.cpp
         backmethod.cpp
     1>d:\odesk\skt\skt\skt\include\opencv2\flann\logger.h(66): warning C4996: 'fopen': This function or variable may be unsafe. Consider using fopen_s instead. To disable deprecation, use _CRT_SECURE_NO_WARNINGS. See online help for details.
                 C:\Program Files (x86)\Microsoft Visual Studio 10.0\VC\include\stdio.h(234) : see declaration of 'fopen'
     1>d:\odesk\skt\skt\skt\include\opencv2/flann/flann.hpp(233): warning C4996: 'cv::flann::Index_<T>': was declared deprecated
                 d:\odesk\skt\skt\skt\include\opencv2/flann/flann.hpp(278) : see reference to class template instantiation 'cv::flann::Index_<T>' being compiled
     1>backmethod.cpp(71): warning C4996: 'sprintf': This function or variable may be unsafe. Consider using sprintf_s instead. To disable deprecation, use _CRT_SECURE_NO_WARNINGS. See online help for details.
                 C:\Program Files (x86)\Microsoft Visual Studio 10.0\VC\include\stdio.h(371) : see declaration of 'sprintf'
         blobmapper.cpp
     1>d:\odesk\skt\skt\skt\include\opencv2\flann\logger.h(66): warning C4996: 'fopen': This function or variable may be unsafe. Consider using fopen_s instead. To disable deprecation, use _CRT_SECURE_NO_WARNINGS. See online help for details.
                 C:\Program Files (x86)\Microsoft Visual Studio 10.0\VC\include\stdio.h(234) : see declaration of 'fopen'
     1>d:\odesk\skt\skt\skt\include\opencv2/flann/flann.hpp(233): warning C4996: 'cv::flann::Index_<T>': was declared deprecated
                 d:\odesk\skt\skt\skt\include\opencv2/flann/flann.hpp(278) : see reference to class template instantiation 'cv::flann::Index_<T>' being compiled
     1>blobmapper.cpp(79): warning C4244: '=' : conversion from 'double' to 'int', possible loss of data
     1>blobmapper.cpp(80): warning C4244: '=' : conversion from 'double' to 'int', possible loss of data
     1>blobmapper.cpp(88): warning C4244: '=' : conversion from 'int' to 'float', possible loss of data
     1>blobmapper.cpp(89): warning C4244: '=' : conversion from 'int' to 'float', possible loss of data
     1>blobmapper.cpp(99): warning C4244: 'argument' : conversion from 'double' to 'int', possible loss of data
     1>blobmapper.cpp(152): warning C4244: 'argument' : conversion from 'double' to 'int', possible loss of data
     1>blobmapper.cpp(152): warning C4244: 'argument' : conversion from 'double' to 'int', possible loss of data
     1>blobmapper.cpp(164): warning C4996: 'sprintf': This function or variable may be unsafe. Consider using sprintf_s instead. To disable deprecation, use _CRT_SECURE_NO_WARNINGS. See online help for details.
                 C:\Program Files (x86)\Microsoft Visual Studio 10.0\VC\include\stdio.h(371) : see declaration of 'sprintf'
     1>blobmapper.cpp(190): warning C4996: 'sprintf': This function or variable may be unsafe. Consider using sprintf_s instead. To disable deprecation, use _CRT_SECURE_NO_WARNINGS. See online help for details.
                 C:\Program Files (x86)\Microsoft Visual Studio 10.0\VC\include\stdio.h(371) : see declaration of 'sprintf'
     1>blobmapper.cpp(69): warning C4101: 'va' : unreferenced local variable
         calibrator.cpp
     1>d:\odesk\skt\skt\skt\include\opencv2\flann\logger.h(66): warning C4996: 'fopen': This function or variable may be unsafe. Consider using fopen_s instead. To disable deprecation, use _CRT_SECURE_NO_WARNINGS. See online help for details.
                 C:\Program Files (x86)\Microsoft Visual Studio 10.0\VC\include\stdio.h(234) : see declaration of 'fopen'
     1>d:\odesk\skt\skt\skt\include\opencv2/flann/flann.hpp(233): warning C4996: 'cv::flann::Index_<T>': was declared deprecated
                 d:\odesk\skt\skt\skt\include\opencv2/flann/flann.hpp(278) : see reference to class template instantiation 'cv::flann::Index_<T>' being compiled
     1>calibrator.cpp(74): warning C4101: 'esqc' : unreferenced local variable
     1>calibrator.cpp(75): warning C4101: 'a' : unreferenced local variable
     1>calibrator.cpp(77): warning C4101: 'di' : unreferenced local variable
     1>calibrator.cpp(76): warning C4101: 'b' : unreferenced local variable
     1>calibrator.cpp(135): warning C4996: 'sprintf': This function or variable may be unsafe. Consider using sprintf_s instead. To disable deprecation, use _CRT_SECURE_NO_WARNINGS. See online help for details.
                 C:\Program Files (x86)\Microsoft Visual Studio 10.0\VC\include\stdio.h(371) : see declaration of 'sprintf'
     1>calibrator.cpp(150): warning C4996: 'sprintf': This function or variable may be unsafe. Consider using sprintf_s instead. To disable deprecation, use _CRT_SECURE_NO_WARNINGS. See online help for details.
                 C:\Program Files (x86)\Microsoft Visual Studio 10.0\VC\include\stdio.h(371) : see declaration of 'sprintf'
     1>calibrator.cpp(166): warning C4244: '=' : conversion from 'double' to 'int', possible loss of data
     1>calibrator.cpp(167): warning C4244: '=' : conversion from 'double' to 'int', possible loss of data
     1>calibrator.cpp(210): warning C4244: '=' : conversion from 'double' to 'int', possible loss of data
     1>calibrator.cpp(211): warning C4244: '=' : conversion from 'double' to 'int', possible loss of data
     1>calibrator.cpp(251): warning C4244: '=' : conversion from 'double' to 'unsigned int', possible loss of data
     1>calibrator.cpp(252): warning C4244: '=' : conversion from 'double' to 'unsigned int', possible loss of data
     1>calibrator.cpp(322): warning C4244: '=' : conversion from 'double' to 'float', possible loss of data
     1>calibrator.cpp(325): warning C4244: '=' : conversion from 'double' to 'float', possible loss of data
     1>calibrator.cpp(338): warning C4244: '=' : conversion from 'double' to 'float', possible loss of data
     1>calibrator.cpp(341): warning C4244: '=' : conversion from 'double' to 'float', possible loss of data
     1>calibrator.cpp(356): warning C4244: '=' : conversion from 'double' to 'float', possible loss of data
     1>calibrator.cpp(357): warning C4244: '=' : conversion from 'double' to 'float', possible loss of data
     1>calibrator.cpp(361): warning C4244: '=' : conversion from 'double' to 'float', possible loss of data
     1>calibrator.cpp(362): warning C4244: '=' : conversion from 'double' to 'float', possible loss of data
     1>calibrator.cpp(366): warning C4244: '=' : conversion from 'double' to 'float', possible loss of data
     1>calibrator.cpp(370): warning C4244: '=' : conversion from 'double' to 'float', possible loss of data
     1>calibrator.cpp(375): warning C4244: '=' : conversion from 'double' to 'float', possible loss of data
     1>calibrator.cpp(376): warning C4244: '=' : conversion from 'double' to 'float', possible loss of data
     1>calibrator.cpp(384): warning C4244: 'argument' : conversion from 'double' to 'int', possible loss of data
     1>calibrator.cpp(384): warning C4244: 'argument' : conversion from 'double' to 'int', possible loss of data
     1>calibrator.cpp(385): warning C4244: '=' : conversion from 'double' to 'float', possible loss of data
     1>calibrator.cpp(386): warning C4244: '=' : conversion from 'double' to 'float', possible loss of data
     1>calibrator.cpp(387): warning C4244: '=' : conversion from 'double' to 'float', possible loss of data
     1>calibrator.cpp(389): warning C4244: '=' : conversion from 'double' to 'float', possible loss of data
     1>calibrator.cpp(402): warning C4244: 'argument' : conversion from 'double' to 'int', possible loss of data
     1>calibrator.cpp(402): warning C4244: 'argument' : conversion from 'double' to 'int', possible loss of data
     1>calibrator.cpp(402): warning C4244: 'argument' : conversion from 'double' to 'int', possible loss of data
     1>calibrator.cpp(402): warning C4244: 'argument' : conversion from 'double' to 'int', possible loss of data
     1>calibrator.cpp(404): warning C4244: 'argument' : conversion from 'double' to 'int', possible loss of data
     1>calibrator.cpp(404): warning C4244: 'argument' : conversion from 'double' to 'int', possible loss of data
     1>calibrator.cpp(404): warning C4244: 'argument' : conversion from 'double' to 'int', possible loss of data
     1>calibrator.cpp(404): warning C4244: 'argument' : conversion from 'double' to 'int', possible loss of data
     1>calibrator.cpp(410): warning C4244: 'argument' : conversion from 'double' to 'int', possible loss of data
     1>calibrator.cpp(410): warning C4244: 'argument' : conversion from 'double' to 'int', possible loss of data
     1>calibrator.cpp(412): warning C4244: '=' : conversion from 'double' to 'float', possible loss of data
     1>calibrator.cpp(413): warning C4244: '=' : conversion from 'double' to 'float', possible loss of data
     1>calibrator.cpp(414): warning C4244: '=' : conversion from 'double' to 'float', possible loss of data
     1>calibrator.cpp(416): warning C4244: '=' : conversion from 'double' to 'float', possible loss of data
     1>calibrator.cpp(429): warning C4244: '=' : conversion from 'double' to 'float', possible loss of data
     1>calibrator.cpp(430): warning C4244: '=' : conversion from 'double' to 'float', possible loss of data
     1>calibrator.cpp(434): warning C4244: '=' : conversion from 'double' to 'float', possible loss of data
     1>calibrator.cpp(435): warning C4244: '=' : conversion from 'double' to 'float', possible loss of data
     1>calibrator.cpp(439): warning C4244: '=' : conversion from 'double' to 'float', possible loss of data
     1>calibrator.cpp(443): warning C4244: '=' : conversion from 'double' to 'float', possible loss of data
     1>calibrator.cpp(473): warning C4996: 'sprintf': This function or variable may be unsafe. Consider using sprintf_s instead. To disable deprecation, use _CRT_SECURE_NO_WARNINGS. See online help for details.
                 C:\Program Files (x86)\Microsoft Visual Studio 10.0\VC\include\stdio.h(371) : see declaration of 'sprintf'
     1>calibrator.cpp(489): warning C4244: 'argument' : conversion from 'double' to 'int', possible loss of data
     1>calibrator.cpp(489): warning C4244: 'argument' : conversion from 'double' to 'int', possible loss of data
     1>calibrator.cpp(549): warning C4244: '=' : conversion from 'double' to 'float', possible loss of data
     1>calibrator.cpp(600): warning C4244: '+=' : conversion from 'double' to 'float', possible loss of data
     1>calibrator.cpp(617): warning C4244: '=' : conversion from 'double' to 'float', possible loss of data
     1>calibrator.cpp(624): warning C4244: '=' : conversion from 'double' to 'int', possible loss of data
     1>calibrator.cpp(625): warning C4244: '=' : conversion from 'double' to 'int', possible loss of data
     1>calibrator.cpp(626): warning C4244: '=' : conversion from 'double' to 'int', possible loss of data
     1>calibrator.cpp(627): warning C4244: '=' : conversion from 'double' to 'int', possible loss of data
     1>calibrator.cpp(628): warning C4244: '=' : conversion from 'double' to 'int', possible loss of data
     1>calibrator.cpp(629): warning C4244: '=' : conversion from 'double' to 'int', possible loss of data
     1>calibrator.cpp(630): warning C4244: '=' : conversion from 'double' to 'int', possible loss of data
     1>calibrator.cpp(631): warning C4244: '=' : conversion from 'double' to 'int', possible loss of data
         IpEndpointName.cpp
     1>include\oscpack\ip\IpEndpointName.cpp(46): warning C4996: 'sprintf': This function or variable may be unsafe. Consider using sprintf_s instead. To disable deprecation, use _CRT_SECURE_NO_WARNINGS. See online help for details.
                 C:\Program Files (x86)\Microsoft Visual Studio 10.0\VC\include\stdio.h(371) : see declaration of 'sprintf'
     1>include\oscpack\ip\IpEndpointName.cpp(52): warning C4996: 'sprintf': This function or variable may be unsafe. Consider using sprintf_s instead. To disable deprecation, use _CRT_SECURE_NO_WARNINGS. See online help for details.
                 C:\Program Files (x86)\Microsoft Visual Studio 10.0\VC\include\stdio.h(371) : see declaration of 'sprintf'
     1>include\oscpack\ip\IpEndpointName.cpp(61): warning C4996: 'sprintf': This function or variable may be unsafe. Consider using sprintf_s instead. To disable deprecation, use _CRT_SECURE_NO_WARNINGS. See online help for details.
                 C:\Program Files (x86)\Microsoft Visual Studio 10.0\VC\include\stdio.h(371) : see declaration of 'sprintf'
     1>include\oscpack\ip\IpEndpointName.cpp(67): warning C4996: 'sprintf': This function or variable may be unsafe. Consider using sprintf_s instead. To disable deprecation, use _CRT_SECURE_NO_WARNINGS. See online help for details.
                 C:\Program Files (x86)\Microsoft Visual Studio 10.0\VC\include\stdio.h(371) : see declaration of 'sprintf'
     1>include\oscpack\ip\IpEndpointName.cpp(71): warning C4996: 'sprintf': This function or variable may be unsafe. Consider using sprintf_s instead. To disable deprecation, use _CRT_SECURE_NO_WARNINGS. See online help for details.
                 C:\Program Files (x86)\Microsoft Visual Studio 10.0\VC\include\stdio.h(371) : see declaration of 'sprintf'
     1>include\oscpack\ip\IpEndpointName.cpp(78): warning C4996: 'sprintf': This function or variable may be unsafe. Consider using sprintf_s instead. To disable deprecation, use _CRT_SECURE_NO_WARNINGS. See online help for details.
                 C:\Program Files (x86)\Microsoft Visual Studio 10.0\VC\include\stdio.h(371) : see declaration of 'sprintf'
         NetworkingUtils.cpp
         UdpSocket.cpp
         OscOutboundPacketStream.cpp
     1>include\oscpack\osc\OscOutboundPacketStream.cpp(339): warning C4996: 'strcpy': This function or variable may be unsafe. Consider using strcpy_s instead. To disable deprecation, use _CRT_SECURE_NO_WARNINGS. See online help for details.
                 C:\Program Files (x86)\Microsoft Visual Studio 10.0\VC\include\string.h(105) : see declaration of 'strcpy'
     1>include\oscpack\osc\OscOutboundPacketStream.cpp(581): warning C4996: 'strcpy': This function or variable may be unsafe. Consider using strcpy_s instead. To disable deprecation, use _CRT_SECURE_NO_WARNINGS. See online help for details.
                 C:\Program Files (x86)\Microsoft Visual Studio 10.0\VC\include\string.h(105) : see declaration of 'strcpy'
     1>include\oscpack\osc\OscOutboundPacketStream.cpp(601): warning C4996: 'strcpy': This function or variable may be unsafe. Consider using strcpy_s instead. To disable deprecation, use _CRT_SECURE_NO_WARNINGS. See online help for details.
                 C:\Program Files (x86)\Microsoft Visual Studio 10.0\VC\include\string.h(105) : see declaration of 'strcpy'
         OscPrintReceivedElements.cpp
     1>include\oscpack\osc\OscPrintReceivedElements.cpp(117): warning C4996: 'ctime': This function or variable may be unsafe. Consider using ctime_s instead. To disable deprecation, use _CRT_SECURE_NO_WARNINGS. See online help for details.
                 C:\Program Files (x86)\Microsoft Visual Studio 10.0\VC\include\time.inl(86) : see declaration of 'ctime'
     1>include\oscpack\osc\OscPrintReceivedElements.cpp(120): warning C4996: 'strcpy': This function or variable may be unsafe. Consider using strcpy_s instead. To disable deprecation, use _CRT_SECURE_NO_WARNINGS. See online help for details.
                 C:\Program Files (x86)\Microsoft Visual Studio 10.0\VC\include\string.h(105) : see declaration of 'strcpy'
         OscReceivedElements.cpp
         OscTypes.cpp
         tinystr.cpp
         tinyxml.cpp
         tinyxmlerror.cpp
         tinyxmlparser.cpp
         TuioClient.cpp
     1>include\TUIO\TuioClient.cpp(83): warning C4101: 'e' : unreferenced local variable
         TuioServer.cpp
     1>include\TUIO\TuioServer.cpp(182): warning C4101: 'e' : unreferenced local variable
         TuioTime.cpp
         mouseactions.cpp
     1>d:\odesk\skt\skt\skt\include\opencv2\flann\logger.h(66): warning C4996: 'fopen': This function or variable may be unsafe. Consider using fopen_s instead. To disable deprecation, use _CRT_SECURE_NO_WARNINGS. See online help for details.
                 C:\Program Files (x86)\Microsoft Visual Studio 10.0\VC\include\stdio.h(234) : see declaration of 'fopen'
     1>d:\odesk\skt\skt\skt\include\opencv2/flann/flann.hpp(233): warning C4996: 'cv::flann::Index_<T>': was declared deprecated
                 d:\odesk\skt\skt\skt\include\opencv2/flann/flann.hpp(278) : see reference to class template instantiation 'cv::flann::Index_<T>' being compiled
         ransacfit.cpp
     1>d:\odesk\skt\skt\skt\include\opencv2\flann\logger.h(66): warning C4996: 'fopen': This function or variable may be unsafe. Consider using fopen_s instead. To disable deprecation, use _CRT_SECURE_NO_WARNINGS. See online help for details.
                 C:\Program Files (x86)\Microsoft Visual Studio 10.0\VC\include\stdio.h(234) : see declaration of 'fopen'
     1>d:\odesk\skt\skt\skt\include\opencv2/flann/flann.hpp(233): warning C4996: 'cv::flann::Index_<T>': was declared deprecated
                 d:\odesk\skt\skt\skt\include\opencv2/flann/flann.hpp(278) : see reference to class template instantiation 'cv::flann::Index_<T>' being compiled
     1>ransacfit.cpp(35): warning C4244: 'argument' : conversion from 'time_t' to 'unsigned int', possible loss of data
     1>ransacfit.cpp(48): warning C4244: 'initializing' : conversion from 'double' to 'int', possible loss of data
     1>ransacfit.cpp(73): warning C4018: '<' : signed/unsigned mismatch
     1>ransacfit.cpp(106): warning C4018: '<' : signed/unsigned mismatch
     1>ransacfit.cpp(120): warning C4244: '=' : conversion from 'double' to 'float', possible loss of data
     1>ransacfit.cpp(121): warning C4244: '=' : conversion from 'double' to 'float', possible loss of data
     1>ransacfit.cpp(122): warning C4244: '=' : conversion from 'double' to 'float', possible loss of data
     1>ransacfit.cpp(123): warning C4244: '=' : conversion from 'double' to 'float', possible loss of data
     1>ransacfit.cpp(126): warning C4244: '=' : conversion from 'double' to 'float', possible loss of data
     1>ransacfit.cpp(127): warning C4244: '=' : conversion from 'double' to 'float', possible loss of data
     1>ransacfit.cpp(128): warning C4244: '=' : conversion from 'double' to 'float', possible loss of data
     1>ransacfit.cpp(129): warning C4244: '=' : conversion from 'double' to 'float', possible loss of data
     1>ransacfit.cpp(132): warning C4244: '=' : conversion from 'double' to 'float', possible loss of data
     1>ransacfit.cpp(133): warning C4244: '=' : conversion from 'double' to 'float', possible loss of data
     1>ransacfit.cpp(134): warning C4244: '=' : conversion from 'double' to 'float', possible loss of data
     1>ransacfit.cpp(135): warning C4244: '=' : conversion from 'double' to 'float', possible loss of data
     1>ransacfit.cpp(138): warning C4244: '=' : conversion from 'double' to 'float', possible loss of data
     1>ransacfit.cpp(139): warning C4244: '=' : conversion from 'double' to 'float', possible loss of data
     1>ransacfit.cpp(140): warning C4244: '=' : conversion from 'double' to 'float', possible loss of data
     1>ransacfit.cpp(141): warning C4244: '=' : conversion from 'unsigned int' to 'float', possible loss of data
     1>ransacfit.cpp(170): warning C4018: '<' : signed/unsigned mismatch
     1>ransacfit.cpp(184): warning C4018: '<' : signed/unsigned mismatch
     1>ransacfit.cpp(200): warning C4018: '<' : signed/unsigned mismatch
         SKT.cpp
     1>d:\odesk\skt\skt\skt\include\opencv2\flann\logger.h(66): warning C4996: 'fopen': This function or variable may be unsafe. Consider using fopen_s instead. To disable deprecation, use _CRT_SECURE_NO_WARNINGS. See online help for details.
                 C:\Program Files (x86)\Microsoft Visual Studio 10.0\VC\include\stdio.h(234) : see declaration of 'fopen'
     1>d:\odesk\skt\skt\skt\include\opencv2/flann/flann.hpp(233): warning C4996: 'cv::flann::Index_<T>': was declared deprecated
                 d:\odesk\skt\skt\skt\include\opencv2/flann/flann.hpp(278) : see reference to class template instantiation 'cv::flann::Index_<T>' being compiled
         Compiling...
         virtualplane.cpp
     1>d:\odesk\skt\skt\skt\include\opencv2\flann\logger.h(66): warning C4996: 'fopen': This function or variable may be unsafe. Consider using fopen_s instead. To disable deprecation, use _CRT_SECURE_NO_WARNINGS. See online help for details.
                 C:\Program Files (x86)\Microsoft Visual Studio 10.0\VC\include\stdio.h(234) : see declaration of 'fopen'
     1>d:\odesk\skt\skt\skt\include\opencv2/flann/flann.hpp(233): warning C4996: 'cv::flann::Index_<T>': was declared deprecated
                 d:\odesk\skt\skt\skt\include\opencv2/flann/flann.hpp(278) : see reference to class template instantiation 'cv::flann::Index_<T>' being compiled
     1>virtualplane.cpp(64): warning C4244: '=' : conversion from 'double' to 'float', possible loss of data
     1>virtualplane.cpp(68): warning C4244: '=' : conversion from 'double' to 'float', possible loss of data
     1>virtualplane.cpp(73): warning C4244: '=' : conversion from 'double' to 'float', possible loss of data
     1>virtualplane.cpp(145): warning C4101: 'xx' : unreferenced local variable
     1>virtualplane.cpp(145): warning C4101: 'yyy' : unreferenced local variable
     1>virtualplane.cpp(145): warning C4101: 'xxx' : unreferenced local variable
     1>virtualplane.cpp(145): warning C4101: 'yy' : unreferenced local variable
       Link:
         C:\Program Files (x86)\Microsoft Visual Studio 10.0\VC\bin\link.exe /ERRORREPORT:PROMPT /OUT:"D:\Odesk\SKT\SKT\Release\SKT.exe" /INCREMENTAL:NO /NOLOGO /LIBPATH:.\lib\openCV\x86\vc10\lib /LIBPATH:.\lib\openCV\x86\vc10\bin /LIBPATH:C:\Users\lojkoro\Desktop\OpenCVBuild\OpenCV2.3.1Build\lib\Release /LIBPATH:C:\Users\lojkoro\Desktop\OpenCVBuild\OpenCV2.3.1Build\bin\Release /LIBPATH:"C:\Program Files\PrimeSense\SensorKinect\Bin" /LIBPATH:"C:\Program Files\OpenNI\Bin" /LIBPATH:C:\Qt\4.8.6\bin /LIBPATH:C:\Qt\4.7.3\lib user32.lib opencv_imgproc231.lib opencv_core231.lib opencv_video231.lib opencv_highgui231.lib atlsd.lib ws2_32.lib msvcrt.lib winmm.lib libcpmtd.lib netapi32.lib qtmain.lib QtCore4.lib QtGui4.lib /MANIFEST /ManifestFile:"Release\SKT.exe.intermediate.manifest" /MANIFESTUAC:"level='asInvoker' uiAccess='false'" /DEBUG /PDB:"D:\Odesk\SKT\SKT\Release\SKT.pdb" /SUBSYSTEM:CONSOLE /OPT:REF /OPT:ICF /LTCG /TLBID:1 /DYNAMICBASE /NXCOMPAT /IMPLIB:"D:\Odesk\SKT\SKT\Release\SKT.lib" /MACHINE:X86 Release\backmethod.obj
         Release\blobmapper.obj
         Release\calibrator.obj
         Release\IpEndpointName.obj
         Release\NetworkingUtils.obj
         Release\UdpSocket.obj
         Release\OscOutboundPacketStream.obj
         Release\OscPrintReceivedElements.obj
         Release\OscReceivedElements.obj
         Release\OscTypes.obj
         Release\tinystr.obj
         Release\tinyxml.obj
         Release\tinyxmlerror.obj
         Release\tinyxmlparser.obj
         Release\TuioClient.obj
         Release\TuioServer.obj
         Release\TuioTime.obj
         Release\mouseactions.obj
         Release\ransacfit.obj
         Release\SKT.obj
         Release\stdafx.obj
         Release\virtualplane.obj
         Generating code
         Finished generating code
         SKT.vcxproj -> D:\Odesk\SKT\SKT\Release\SKT.exe
       Manifest:
         C:\Program Files (x86)\Microsoft SDKs\Windows\v7.0A\bin\mt.exe /nologo /verbose /outputresource:"D:\Odesk\SKT\SKT\Release\SKT.exe;#1" /manifest Release\SKT.exe.intermediate.manifest "C:\Program Files (x86)\Microsoft Visual Studio 10.0\VC\Include\Manifest\dpiaware.manifest"
       FinalizeBuildStatus:
         Deleting file "Release\SKT.unsuccessfulbuild".
         Touching "Release\SKT.lastbuildstate".
     1>Done Building Project "D:\Odesk\SKT\SKT\SKT\SKT.vcxproj" (rebuild target(s)).

Build succeeded.

Time Elapsed 00:00:15.72
