D:\ODESK\SKT\SKT\RELEASE\SKT.EXE
D:\ODESK\SKT\SKT\RELEASE\SKT.PDB
D:\ODESK\SKT\SKT\SKT\RELEASE\BACKMETHOD.OBJ
D:\ODESK\SKT\SKT\SKT\RELEASE\BLOBMAPPER.OBJ
D:\ODESK\SKT\SKT\SKT\RELEASE\CALIBRATOR.OBJ
D:\Odesk\SKT\SKT\SKT\Release\cl.command.1.tlog
D:\Odesk\SKT\SKT\SKT\Release\CL.read.1.tlog
D:\Odesk\SKT\SKT\SKT\Release\CL.write.1.tlog
D:\ODESK\SKT\SKT\SKT\RELEASE\IPENDPOINTNAME.OBJ
D:\Odesk\SKT\SKT\SKT\Release\link.command.1.tlog
D:\Odesk\SKT\SKT\SKT\Release\link.read.1.tlog
D:\Odesk\SKT\SKT\SKT\Release\link.write.1.tlog
D:\ODESK\SKT\SKT\SKT\RELEASE\MOUSEACTIONS.OBJ
D:\Odesk\SKT\SKT\SKT\Release\mt.command.1.tlog
D:\Odesk\SKT\SKT\SKT\Release\mt.read.1.tlog
D:\Odesk\SKT\SKT\SKT\Release\mt.write.1.tlog
D:\ODESK\SKT\SKT\SKT\RELEASE\NETWORKINGUTILS.OBJ
D:\ODESK\SKT\SKT\SKT\RELEASE\OSCOUTBOUNDPACKETSTREAM.OBJ
D:\ODESK\SKT\SKT\SKT\RELEASE\OSCPRINTRECEIVEDELEMENTS.OBJ
D:\ODESK\SKT\SKT\SKT\RELEASE\OSCRECEIVEDELEMENTS.OBJ
D:\ODESK\SKT\SKT\SKT\RELEASE\OSCTYPES.OBJ
D:\ODESK\SKT\SKT\SKT\RELEASE\RANSACFIT.OBJ
D:\ODESK\SKT\SKT\SKT\RELEASE\SKT.EXE.INTERMEDIATE.MANIFEST
D:\ODESK\SKT\SKT\SKT\RELEASE\SKT.OBJ
D:\ODESK\SKT\SKT\SKT\RELEASE\SKT.PCH
D:\Odesk\SKT\SKT\SKT\Release\SKT.write.1.tlog
D:\ODESK\SKT\SKT\SKT\RELEASE\STDAFX.OBJ
D:\ODESK\SKT\SKT\SKT\RELEASE\TINYSTR.OBJ
D:\ODESK\SKT\SKT\SKT\RELEASE\TINYXML.OBJ
D:\ODESK\SKT\SKT\SKT\RELEASE\TINYXMLERROR.OBJ
D:\ODESK\SKT\SKT\SKT\RELEASE\TINYXMLPARSER.OBJ
D:\ODESK\SKT\SKT\SKT\RELEASE\TUIOCLIENT.OBJ
D:\ODESK\SKT\SKT\SKT\RELEASE\TUIOSERVER.OBJ
D:\ODESK\SKT\SKT\SKT\RELEASE\TUIOTIME.OBJ
D:\ODESK\SKT\SKT\SKT\RELEASE\UDPSOCKET.OBJ
D:\ODESK\SKT\SKT\SKT\RELEASE\VC100.PDB
D:\ODESK\SKT\SKT\SKT\RELEASE\VIRTUALPLANE.OBJ
